<?xml version="1.0" encoding="UTF-8"?>
<!-- Generated by org.testng.reporters.JUnitReportReporter -->
<testsuite skipped="0" hostname="Mamun" name="com.testleaf.testcase.para.TestRunnerPara" tests="1" failures="0" timestamp="2022-12-12T18:03:03 EST" time="33.565" errors="0">
  <testcase name="VerifyCreateLead" time="33.565" classname="com.testleaf.testcase.para.TestRunnerPara"/>
</testsuite> <!-- com.testleaf.testcase.para.TestRunnerPara -->
