<?xml version="1.0" encoding="UTF-8"?>
<!-- Generated by org.testng.reporters.JUnitReportReporter -->
<testsuite skipped="0" hostname="Mamun" name="steps.RunnerFile" tests="5" failures="0" timestamp="2022-12-02T21:32:58 EST" time="56.123" errors="0">
  <testcase name="runScenario" time="15.300" classname="steps.RunnerFile"/>
  <testcase name="runScenario" time="5.686" classname="steps.RunnerFile"/>
  <testcase name="runScenario" time="4.934" classname="steps.RunnerFile"/>
  <testcase name="runScenario" time="14.967" classname="steps.RunnerFile"/>
  <testcase name="runScenario" time="15.236" classname="steps.RunnerFile"/>
</testsuite> <!-- steps.RunnerFile -->
