<?xml version="1.0" encoding="UTF-8"?>
<!-- Generated by org.testng.reporters.JUnitReportReporter -->
<testsuite skipped="0" hostname="Mamun" name="com.testleaf.testcase.TestRunner" tests="1" failures="0" timestamp="2022-12-07T17:48:56 EST" time="18.353" errors="0">
  <testcase name="verifyValidLoginPage" time="18.353" classname="com.testleaf.testcase.TestRunner"/>
</testsuite> <!-- com.testleaf.testcase.TestRunner -->
